\BOOKMARK [0][-]{chapter.1}{Introducci\363n}{}% 1
\BOOKMARK [1][-]{section.1.1}{Contexto}{chapter.1}% 2
\BOOKMARK [1][-]{section.1.2}{Soluci\363n}{chapter.1}% 3
\BOOKMARK [1][-]{section.1.3}{Herramientas}{chapter.1}% 4
\BOOKMARK [0][-]{chapter.2}{Objetivos}{}% 5
\BOOKMARK [1][-]{section.2.1}{Estudio general de los algoritmos de boosting}{chapter.2}% 6
\BOOKMARK [1][-]{section.2.2}{Analizar c\363mo el ruido les afecta}{chapter.2}% 7
\BOOKMARK [1][-]{section.2.3}{Proponer una mejora para hacerlos m\341s robustos al ruido}{chapter.2}% 8
\BOOKMARK [0][-]{chapter.3}{Aspecto Matem\341tico}{}% 9
\BOOKMARK [1][-]{section.3.1}{Empirical risk minimization}{chapter.3}% 10
\BOOKMARK [1][-]{section.3.2}{Calculo Diferencial Multivariante}{chapter.3}% 11
\BOOKMARK [2][-]{subsection.3.2.1}{Optimizaci\363n convexa}{section.3.2}% 12
\BOOKMARK [1][-]{section.3.3}{Algoritmos de aprendizaje y gradiente descendente}{chapter.3}% 13
\BOOKMARK [0][-]{chapter.4}{Aspecto Inform\341tico}{}% 14
\BOOKMARK [1][-]{section.4.1}{Introducci\363n al Machine Learning}{chapter.4}% 15
\BOOKMARK [2][-]{subsection.4.1.1}{Tipos de problemas en Machine Learning}{section.4.1}% 16
\BOOKMARK [2][-]{subsection.4.1.2}{Aprendizaje Supervisado}{section.4.1}% 17
\BOOKMARK [2][-]{subsection.4.1.3}{Aprendizaje No Supervisado}{section.4.1}% 18
\BOOKMARK [2][-]{subsection.4.1.4}{Aprendizaje por refuerzo}{section.4.1}% 19
\BOOKMARK [1][-]{section.4.2}{Resolviendo problemas con Aprendizaje Supervisado}{chapter.4}% 20
\BOOKMARK [2][-]{subsection.4.2.1}{M\351todo de Regresi\363n}{section.4.2}% 21
\BOOKMARK [2][-]{subsection.4.2.2}{M\351todo de Clasificaci\363n}{section.4.2}% 22
\BOOKMARK [2][-]{subsection.4.2.3}{Iris: El problema de clasificaci\363n m\341s cl\341sico}{section.4.2}% 23
\BOOKMARK [1][-]{section.4.3}{El flujo de trabajo para clasificaci\363n}{chapter.4}% 24
\BOOKMARK [1][-]{section.4.4}{Uso de Python para Machine Learning}{chapter.4}% 25
\BOOKMARK [2][-]{subsection.4.4.1}{Instalaci\363n de Python y de paquetes}{section.4.4}% 26
\BOOKMARK [2][-]{subsection.4.4.2}{Jupyter Notebook}{section.4.4}% 27
\BOOKMARK [1][-]{section.4.5}{Algoritmos de Boosting}{chapter.4}% 28
\BOOKMARK [2][-]{subsection.4.5.1}{Adaboost}{section.4.5}% 29
\BOOKMARK [2][-]{subsection.4.5.2}{Extreme Gradient Boosting - XGBoost}{section.4.5}% 30
\BOOKMARK [1][-]{section.4.6}{Ruido de clase, Regularizaci\363n, Underfing y over-fitting}{chapter.4}% 31
\BOOKMARK [1][-]{section.4.7}{Regularizaci\363n en XGBoost}{chapter.4}% 32
\BOOKMARK [2][-]{subsection.4.7.1}{Modelo de predici\363n de cancer de mama \(Wisconsin uci\)}{section.4.7}% 33
